<?xml version="1.0" encoding="UTF-8"?>
<!-- Generated by org.testng.reporters.JUnitReportReporter -->
<testsuite hostname="ShreshthaR" failures="0" tests="1" name="String.DuplicatesInString" time="0.010" errors="0" timestamp="2025-05-31T06:27:20 IST" skipped="0">
  <testcase classname="String.DuplicatesInString" name="Duplicates" time="0.010"/>
</testsuite> <!-- String.DuplicatesInString -->
