<?xml version="1.0" encoding="UTF-8"?>
<!-- Generated by org.testng.reporters.JUnitReportReporter -->
<testsuite hostname="ShreshthaR" failures="0" tests="1" name="String.StringReversal" time="13.682" errors="0" timestamp="2025-06-04T16:07:59 IST" skipped="0">
  <testcase classname="String.StringReversal" name="stringReversalMethod" time="13.682"/>
</testsuite> <!-- String.StringReversal -->
